**********************
Windows PowerShell transcript start
Start time: 20190601104710
Username: HALSURFACE\halsec
RunAs User: HALSURFACE\halsec
Configuration Name: 
Machine: HALSURFACE (Microsoft Windows NT 10.0.17134.0)
Host Application: C:\WINDOWS\System32\WindowsPowerShell\v1.0\powershell.exe -NoProfile -NonInteractive -ExecutionPolicy Bypass -Command & 'C:\Users\halse\.vscode\extensions\ms-vscode.powershell-2019.5.0\modules\PowerShellEditorServices\Start-EditorServices.ps1' -HostName 'Visual Studio Code Host' -HostProfileId 'Microsoft.VSCode' -HostVersion '2019.5.0' -AdditionalModules @('PowerShellEditorServices.VSCode') -BundledModulesPath 'C:\Users\halse\.vscode\extensions\ms-vscode.powershell-2019.5.0\modules' -EnableConsoleRepl -LogLevel 'Normal' -LogPath 'C:\Users\halse\.vscode\extensions\ms-vscode.powershell-2019.5.0\logs\1559378075-c6c073b1-5d61-4d64-a037-b82e09a59d271559377988697\EditorServices.log' -SessionDetailsPath 'C:\Users\halse\.vscode\extensions\ms-vscode.powershell-2019.5.0\sessions\PSES-VSCode-21216-298870' -FeatureFlags @()
Process ID: 18312
PSVersion: 5.1.17134.765
PSEdition: Desktop
PSCompatibleVersions: 1.0, 2.0, 3.0, 4.0, 5.0, 5.1.17134.765
BuildVersion: 10.0.17134.765
CLRVersion: 4.0.30319.42000
WSManStackVersion: 3.0
PSRemotingProtocolVersion: 2.3
SerializationVersion: 1.1.0.1
**********************
Transcript started, output file is C:\HAL\Powershell\Share\log\Heritage_Traitement.log
Share1
Set_inheritance : The term 'Set_inheritance' is not recognized as the name of a cmdlet, function, script file, or 
operable program. Check the spelling of the name, or if a path was included, verify that the path is correct and try 
again.
At C:\HAL\Powershell\Share\Heritage_TraitementRepertoiresRacinesv1.ps1:89 char:5
+     Set_inheritance $d.Name
+     ~~~~~~~~~~~~~~~
    + CategoryInfo          : ObjectNotFound: (Set_inheritance:String) [], CommandNotFoundException
    + FullyQualifiedErrorId : CommandNotFoundException
Set_inheritance : The term 'Set_inheritance' is not recognized as the name of a cmdlet, function, script file, or operable
program. Check the spelling of the name, or if a path was included, verify that the path is correct and try again.
At C:\HAL\Powershell\Share\Heritage_TraitementRepertoiresRacinesv1.ps1:89 char:5
+     Set_inheritance $d.Name
+     ~~~~~~~~~~~~~~~
    + CategoryInfo          : ObjectNotFound: (Set_inheritance:String) [], CommandNotFoundException
    + FullyQualifiedErrorId : CommandNotFoundException

Share2
Set_inheritance : The term 'Set_inheritance' is not recognized as the name of a cmdlet, function, script file, or 
operable program. Check the spelling of the name, or if a path was included, verify that the path is correct and try 
again.
At C:\HAL\Powershell\Share\Heritage_TraitementRepertoiresRacinesv1.ps1:89 char:5
+     Set_inheritance $d.Name
+     ~~~~~~~~~~~~~~~
    + CategoryInfo          : ObjectNotFound: (Set_inheritance:String) [], CommandNotFoundException
    + FullyQualifiedErrorId : CommandNotFoundException
Set_inheritance : The term 'Set_inheritance' is not recognized as the name of a cmdlet, function, script file, or operable
program. Check the spelling of the name, or if a path was included, verify that the path is correct and try again.
At C:\HAL\Powershell\Share\Heritage_TraitementRepertoiresRacinesv1.ps1:89 char:5
+     Set_inheritance $d.Name
+     ~~~~~~~~~~~~~~~
    + CategoryInfo          : ObjectNotFound: (Set_inheritance:String) [], CommandNotFoundException
    + FullyQualifiedErrorId : CommandNotFoundException

Share3
Set_inheritance : The term 'Set_inheritance' is not recognized as the name of a cmdlet, function, script file, or 
operable program. Check the spelling of the name, or if a path was included, verify that the path is correct and try 
again.
At C:\HAL\Powershell\Share\Heritage_TraitementRepertoiresRacinesv1.ps1:89 char:5
+     Set_inheritance $d.Name
+     ~~~~~~~~~~~~~~~
    + CategoryInfo          : ObjectNotFound: (Set_inheritance:String) [], CommandNotFoundException
    + FullyQualifiedErrorId : CommandNotFoundException
Set_inheritance : The term 'Set_inheritance' is not recognized as the name of a cmdlet, function, script file, or operable
program. Check the spelling of the name, or if a path was included, verify that the path is correct and try again.
At C:\HAL\Powershell\Share\Heritage_TraitementRepertoiresRacinesv1.ps1:89 char:5
+     Set_inheritance $d.Name
+     ~~~~~~~~~~~~~~~
    + CategoryInfo          : ObjectNotFound: (Set_inheritance:String) [], CommandNotFoundException
    + FullyQualifiedErrorId : CommandNotFoundException

Nb de dossiers sans permissions : 3
**********************
Windows PowerShell transcript end
End time: 20190601104711
**********************
**********************
Windows PowerShell transcript start
Start time: 20190601104924
Username: HALSURFACE\halsec
RunAs User: HALSURFACE\halsec
Configuration Name: 
Machine: HALSURFACE (Microsoft Windows NT 10.0.17134.0)
Host Application: C:\Windows\System32\WindowsPowerShell\v1.0\powershell.exe
Process ID: 20876
PSVersion: 5.1.17134.765
PSEdition: Desktop
PSCompatibleVersions: 1.0, 2.0, 3.0, 4.0, 5.0, 5.1.17134.765
BuildVersion: 10.0.17134.765
CLRVersion: 4.0.30319.42000
WSManStackVersion: 3.0
PSRemotingProtocolVersion: 2.3
SerializationVersion: 1.1.0.1
**********************
Transcript started, output file is C:\HAL\Powershell\Share\log\Heritage_Traitement.log
Share1
Convert-Path : Cannot find path 'C:\hal\Powershell\Share\Share1' because it does not exist.
At C:\hal\Powershell\Share\Heritage_TraitementRepertoiresRacinesv1.ps1:25 char:35
+         $fitem = Get-Item -path $(Convert-Path $Path) -ErrorAction St ...
+                                   ~~~~~~~~~~~~~~~~~~
    + CategoryInfo          : ObjectNotFound: (C:\hal\Powershell\Share\Share1:String) [Convert-Path], 
ItemNotFoundException
    + FullyQualifiedErrorId : PathNotFound,Microsoft.PowerShell.Commands.ConvertPathCommand
Convert-Path : Cannot find path 'C:\hal\Powershell\Share\Share1' because it does not exist.
At C:\hal\Powershell\Share\Heritage_TraitementRepertoiresRacinesv1.ps1:25 char:35
+         $fitem = Get-Item -path $(Convert-Path $Path) -ErrorAction St ...
+                                   ~~~~~~~~~~~~~~~~~~
    + CategoryInfo          : ObjectNotFound: (C:\hal\Powershell\Share\Share1:String) [Convert-Path], ItemNotFoundExce
   ption
    + FullyQualifiedErrorId : PathNotFound,Microsoft.PowerShell.Commands.ConvertPathCommand

PS>TerminatingError(Get-Item): "Cannot bind argument to parameter 'Path' because it is null."
WARNING: Failed to get Share1
WARNING: Cannot bind argument to parameter 'Path' because it is null.
Share2
Convert-Path : Cannot find path 'C:\hal\Powershell\Share\Share2' because it does not exist.
At C:\hal\Powershell\Share\Heritage_TraitementRepertoiresRacinesv1.ps1:25 char:35
+         $fitem = Get-Item -path $(Convert-Path $Path) -ErrorAction St ...
+                                   ~~~~~~~~~~~~~~~~~~
    + CategoryInfo          : ObjectNotFound: (C:\hal\Powershell\Share\Share2:String) [Convert-Path], 
ItemNotFoundException
    + FullyQualifiedErrorId : PathNotFound,Microsoft.PowerShell.Commands.ConvertPathCommand
Convert-Path : Cannot find path 'C:\hal\Powershell\Share\Share2' because it does not exist.
At C:\hal\Powershell\Share\Heritage_TraitementRepertoiresRacinesv1.ps1:25 char:35
+         $fitem = Get-Item -path $(Convert-Path $Path) -ErrorAction St ...
+                                   ~~~~~~~~~~~~~~~~~~
    + CategoryInfo          : ObjectNotFound: (C:\hal\Powershell\Share\Share2:String) [Convert-Path], ItemNotFoundExce
   ption
    + FullyQualifiedErrorId : PathNotFound,Microsoft.PowerShell.Commands.ConvertPathCommand

PS>TerminatingError(Get-Item): "Cannot bind argument to parameter 'Path' because it is null."
WARNING: Failed to get Share2
WARNING: Cannot bind argument to parameter 'Path' because it is null.
Share3
Convert-Path : Cannot find path 'C:\hal\Powershell\Share\Share3' because it does not exist.
At C:\hal\Powershell\Share\Heritage_TraitementRepertoiresRacinesv1.ps1:25 char:35
+         $fitem = Get-Item -path $(Convert-Path $Path) -ErrorAction St ...
+                                   ~~~~~~~~~~~~~~~~~~
    + CategoryInfo          : ObjectNotFound: (C:\hal\Powershell\Share\Share3:String) [Convert-Path], 
ItemNotFoundException
    + FullyQualifiedErrorId : PathNotFound,Microsoft.PowerShell.Commands.ConvertPathCommand
Convert-Path : Cannot find path 'C:\hal\Powershell\Share\Share3' because it does not exist.
At C:\hal\Powershell\Share\Heritage_TraitementRepertoiresRacinesv1.ps1:25 char:35
+         $fitem = Get-Item -path $(Convert-Path $Path) -ErrorAction St ...
+                                   ~~~~~~~~~~~~~~~~~~
    + CategoryInfo          : ObjectNotFound: (C:\hal\Powershell\Share\Share3:String) [Convert-Path], ItemNotFoundExce
   ption
    + FullyQualifiedErrorId : PathNotFound,Microsoft.PowerShell.Commands.ConvertPathCommand

PS>TerminatingError(Get-Item): "Cannot bind argument to parameter 'Path' because it is null."
WARNING: Failed to get Share3
WARNING: Cannot bind argument to parameter 'Path' because it is null.
Nb de dossiers sans permissions : 3
**********************
Windows PowerShell transcript end
End time: 20190601104924
**********************
**********************
Windows PowerShell transcript start
Start time: 20190601105620
Username: HALSURFACE\halsec
RunAs User: HALSURFACE\halsec
Configuration Name: 
Machine: HALSURFACE (Microsoft Windows NT 10.0.17134.0)
Host Application: C:\Windows\System32\WindowsPowerShell\v1.0\powershell.exe
Process ID: 7096
PSVersion: 5.1.17134.765
PSEdition: Desktop
PSCompatibleVersions: 1.0, 2.0, 3.0, 4.0, 5.0, 5.1.17134.765
BuildVersion: 10.0.17134.765
CLRVersion: 4.0.30319.42000
WSManStackVersion: 3.0
PSRemotingProtocolVersion: 2.3
SerializationVersion: 1.1.0.1
**********************
Transcript started, output file is C:\HAL\Powershell\Share\log\Heritage_Traitement.log
Share1
VERBOSE: Starting Set-Inheritance
VERBOSE: PATH Share1
Convert-Path : Cannot find path 'C:\hal\Powershell\share\Share1' because it does not exist.
At C:\hal\Powershell\share\Heritage_TraitementRepertoiresRacinesv1.ps1:26 char:35
+         $fitem = Get-Item -path $(Convert-Path $Path) -ErrorAction St ...
+                                   ~~~~~~~~~~~~~~~~~~
    + CategoryInfo          : ObjectNotFound: (C:\hal\Powershell\share\Share1:String) [Convert-Path], 
ItemNotFoundException
    + FullyQualifiedErrorId : PathNotFound,Microsoft.PowerShell.Commands.ConvertPathCommand
Convert-Path : Cannot find path 'C:\hal\Powershell\share\Share1' because it does not exist.
At C:\hal\Powershell\share\Heritage_TraitementRepertoiresRacinesv1.ps1:26 char:35
+         $fitem = Get-Item -path $(Convert-Path $Path) -ErrorAction St ...
+                                   ~~~~~~~~~~~~~~~~~~
    + CategoryInfo          : ObjectNotFound: (C:\hal\Powershell\share\Share1:String) [Convert-Path], ItemNotFoundExce
   ption
    + FullyQualifiedErrorId : PathNotFound,Microsoft.PowerShell.Commands.ConvertPathCommand

PS>TerminatingError(Get-Item): "Cannot bind argument to parameter 'Path' because it is null."
WARNING: Failed to get Share1
WARNING: Cannot bind argument to parameter 'Path' because it is null.
VERBOSE: Ending Set-Inheritance
Share2
VERBOSE: Starting Set-Inheritance
VERBOSE: PATH Share2
Convert-Path : Cannot find path 'C:\hal\Powershell\share\Share2' because it does not exist.
At C:\hal\Powershell\share\Heritage_TraitementRepertoiresRacinesv1.ps1:26 char:35
+         $fitem = Get-Item -path $(Convert-Path $Path) -ErrorAction St ...
+                                   ~~~~~~~~~~~~~~~~~~
    + CategoryInfo          : ObjectNotFound: (C:\hal\Powershell\share\Share2:String) [Convert-Path], 
ItemNotFoundException
    + FullyQualifiedErrorId : PathNotFound,Microsoft.PowerShell.Commands.ConvertPathCommand
Convert-Path : Cannot find path 'C:\hal\Powershell\share\Share2' because it does not exist.
At C:\hal\Powershell\share\Heritage_TraitementRepertoiresRacinesv1.ps1:26 char:35
+         $fitem = Get-Item -path $(Convert-Path $Path) -ErrorAction St ...
+                                   ~~~~~~~~~~~~~~~~~~
    + CategoryInfo          : ObjectNotFound: (C:\hal\Powershell\share\Share2:String) [Convert-Path], ItemNotFoundExce
   ption
    + FullyQualifiedErrorId : PathNotFound,Microsoft.PowerShell.Commands.ConvertPathCommand

PS>TerminatingError(Get-Item): "Cannot bind argument to parameter 'Path' because it is null."
WARNING: Failed to get Share2
WARNING: Cannot bind argument to parameter 'Path' because it is null.
VERBOSE: Ending Set-Inheritance
Share3
VERBOSE: Starting Set-Inheritance
VERBOSE: PATH Share3
Convert-Path : Cannot find path 'C:\hal\Powershell\share\Share3' because it does not exist.
At C:\hal\Powershell\share\Heritage_TraitementRepertoiresRacinesv1.ps1:26 char:35
+         $fitem = Get-Item -path $(Convert-Path $Path) -ErrorAction St ...
+                                   ~~~~~~~~~~~~~~~~~~
    + CategoryInfo          : ObjectNotFound: (C:\hal\Powershell\share\Share3:String) [Convert-Path], 
ItemNotFoundException
    + FullyQualifiedErrorId : PathNotFound,Microsoft.PowerShell.Commands.ConvertPathCommand
Convert-Path : Cannot find path 'C:\hal\Powershell\share\Share3' because it does not exist.
At C:\hal\Powershell\share\Heritage_TraitementRepertoiresRacinesv1.ps1:26 char:35
+         $fitem = Get-Item -path $(Convert-Path $Path) -ErrorAction St ...
+                                   ~~~~~~~~~~~~~~~~~~
    + CategoryInfo          : ObjectNotFound: (C:\hal\Powershell\share\Share3:String) [Convert-Path], ItemNotFoundExce
   ption
    + FullyQualifiedErrorId : PathNotFound,Microsoft.PowerShell.Commands.ConvertPathCommand

PS>TerminatingError(Get-Item): "Cannot bind argument to parameter 'Path' because it is null."
WARNING: Failed to get Share3
WARNING: Cannot bind argument to parameter 'Path' because it is null.
VERBOSE: Ending Set-Inheritance
Nb de dossiers sans permissions : 3
**********************
Windows PowerShell transcript end
End time: 20190601105620
**********************
**********************
Windows PowerShell transcript start
Start time: 20190601110135
Username: HALSURFACE\halsec
RunAs User: HALSURFACE\halsec
Configuration Name: 
Machine: HALSURFACE (Microsoft Windows NT 10.0.17134.0)
Host Application: C:\Windows\System32\WindowsPowerShell\v1.0\powershell.exe
Process ID: 7096
PSVersion: 5.1.17134.765
PSEdition: Desktop
PSCompatibleVersions: 1.0, 2.0, 3.0, 4.0, 5.0, 5.1.17134.765
BuildVersion: 10.0.17134.765
CLRVersion: 4.0.30319.42000
WSManStackVersion: 3.0
PSRemotingProtocolVersion: 2.3
SerializationVersion: 1.1.0.1
**********************
Transcript started, output file is C:\HAL\Powershell\Share\log\Heritage_Traitement.log
C:\HAL\Powershell\Share\test\Share1
VERBOSE: Starting Set-Inheritance
VERBOSE: PATH C:\HAL\Powershell\Share\test\Share1
VERBOSE: Resetting inheritance on C:\HAL\Powershell\Share\test\Share1
VERBOSE: 

PSPath                  : Microsoft.PowerShell.Core\FileSystem::C:\HAL\Powershell\Share\test\Share1
PSParentPath            : Microsoft.PowerShell.Core\FileSystem::C:\HAL\Powershell\Share\test
PSChildName             : Share1
PSDrive                 : C
PSProvider              : Microsoft.PowerShell.Core\FileSystem
CentralAccessPolicyId   : 
CentralAccessPolicyName : 
Path                    : Microsoft.PowerShell.Core\FileSystem::C:\HAL\Powershell\Share\test\Share1
Owner                   : HALSURFACE\halsec
Group                   : HALSURFACE\halsec
Access                  : {System.Security.AccessControl.FileSystemAccessRule, 
                          System.Security.AccessControl.FileSystemAccessRule, 
                          System.Security.AccessControl.FileSystemAccessRule, 
                          System.Security.AccessControl.FileSystemAccessRule...}
Sddl                    : O:S-1-5-21-1856473636-224214704-149194499-1001G:S-1-5-21-1856473636-224214704-149194499-1001D
                          :AI(A;OICIID;FA;;;BA)(A;OICIID;FA;;;SY)(A;OICIID;0x1200a9;;;BU)(A;ID;0x1301bf;;;AU)(A;OICIIOI
                          D;SDGXGWGR;;;AU)
AccessToString          : BUILTIN\Administrators Allow  FullControl
                          NT AUTHORITY\SYSTEM Allow  FullControl
                          BUILTIN\Users Allow  ReadAndExecute, Synchronize
                          NT AUTHORITY\Authenticated Users Allow  Modify, Synchronize
                          NT AUTHORITY\Authenticated Users Allow  -536805376
AuditToString           : 
AccessRightType         : System.Security.AccessControl.FileSystemRights
AccessRuleType          : System.Security.AccessControl.FileSystemAccessRule
AuditRuleType           : System.Security.AccessControl.FileSystemAuditRule
AreAccessRulesProtected : False
AreAuditRulesProtected  : False
AreAccessRulesCanonical : True
AreAuditRulesCanonical  : True
VERBOSE: Setting the new ACL
VERBOSE: Ending Set-Inheritance
C:\HAL\Powershell\Share\test\Share2
VERBOSE: Starting Set-Inheritance
VERBOSE: PATH C:\HAL\Powershell\Share\test\Share2
VERBOSE: Resetting inheritance on C:\HAL\Powershell\Share\test\Share2
VERBOSE: 

PSPath                  : Microsoft.PowerShell.Core\FileSystem::C:\HAL\Powershell\Share\test\Share2
PSParentPath            : Microsoft.PowerShell.Core\FileSystem::C:\HAL\Powershell\Share\test
PSChildName             : Share2
PSDrive                 : C
PSProvider              : Microsoft.PowerShell.Core\FileSystem
CentralAccessPolicyId   : 
CentralAccessPolicyName : 
Path                    : Microsoft.PowerShell.Core\FileSystem::C:\HAL\Powershell\Share\test\Share2
Owner                   : HALSURFACE\halsec
Group                   : HALSURFACE\halsec
Access                  : {System.Security.AccessControl.FileSystemAccessRule, 
                          System.Security.AccessControl.FileSystemAccessRule, 
                          System.Security.AccessControl.FileSystemAccessRule, 
                          System.Security.AccessControl.FileSystemAccessRule...}
Sddl                    : O:S-1-5-21-1856473636-224214704-149194499-1001G:S-1-5-21-1856473636-224214704-149194499-1001D
                          :AI(A;OICIID;FA;;;BA)(A;OICIID;FA;;;SY)(A;OICIID;0x1200a9;;;BU)(A;ID;0x1301bf;;;AU)(A;OICIIOI
                          D;SDGXGWGR;;;AU)
AccessToString          : BUILTIN\Administrators Allow  FullControl
                          NT AUTHORITY\SYSTEM Allow  FullControl
                          BUILTIN\Users Allow  ReadAndExecute, Synchronize
                          NT AUTHORITY\Authenticated Users Allow  Modify, Synchronize
                          NT AUTHORITY\Authenticated Users Allow  -536805376
AuditToString           : 
AccessRightType         : System.Security.AccessControl.FileSystemRights
AccessRuleType          : System.Security.AccessControl.FileSystemAccessRule
AuditRuleType           : System.Security.AccessControl.FileSystemAuditRule
AreAccessRulesProtected : False
AreAuditRulesProtected  : False
AreAccessRulesCanonical : True
AreAuditRulesCanonical  : True
VERBOSE: Setting the new ACL
VERBOSE: Ending Set-Inheritance
C:\HAL\Powershell\Share\test\Share3
VERBOSE: Starting Set-Inheritance
VERBOSE: PATH C:\HAL\Powershell\Share\test\Share3
VERBOSE: Resetting inheritance on C:\HAL\Powershell\Share\test\Share3
VERBOSE: 

PSPath                  : Microsoft.PowerShell.Core\FileSystem::C:\HAL\Powershell\Share\test\Share3
PSParentPath            : Microsoft.PowerShell.Core\FileSystem::C:\HAL\Powershell\Share\test
PSChildName             : Share3
PSDrive                 : C
PSProvider              : Microsoft.PowerShell.Core\FileSystem
CentralAccessPolicyId   : 
CentralAccessPolicyName : 
Path                    : Microsoft.PowerShell.Core\FileSystem::C:\HAL\Powershell\Share\test\Share3
Owner                   : HALSURFACE\halsec
Group                   : HALSURFACE\halsec
Access                  : {System.Security.AccessControl.FileSystemAccessRule, 
                          System.Security.AccessControl.FileSystemAccessRule, 
                          System.Security.AccessControl.FileSystemAccessRule, 
                          System.Security.AccessControl.FileSystemAccessRule}
Sddl                    : O:S-1-5-21-1856473636-224214704-149194499-1001G:S-1-5-21-1856473636-224214704-149194499-1001D
                          :PAI(A;OICI;0x1301bf;;;AU)(A;OICI;FA;;;SY)(A;OICI;FA;;;BA)(A;OICI;0x1200a9;;;BU)
AccessToString          : NT AUTHORITY\Authenticated Users Allow  Modify, Synchronize
                          NT AUTHORITY\SYSTEM Allow  FullControl
                          BUILTIN\Administrators Allow  FullControl
                          BUILTIN\Users Allow  ReadAndExecute, Synchronize
AuditToString           : 
AccessRightType         : System.Security.AccessControl.FileSystemRights
AccessRuleType          : System.Security.AccessControl.FileSystemAccessRule
AuditRuleType           : System.Security.AccessControl.FileSystemAuditRule
AreAccessRulesProtected : True
AreAuditRulesProtected  : False
AreAccessRulesCanonical : True
AreAuditRulesCanonical  : True
VERBOSE: Setting the new ACL
VERBOSE: Ending Set-Inheritance
Nb de dossiers sans permissions : 3
**********************
Windows PowerShell transcript end
End time: 20190601110135
**********************
**********************
Windows PowerShell transcript start
Start time: 20190601121941
Username: HALSURFACE\halsec
RunAs User: HALSURFACE\halsec
Configuration Name: 
Machine: HALSURFACE (Microsoft Windows NT 10.0.17134.0)
Host Application: C:\Windows\System32\WindowsPowerShell\v1.0\powershell.exe
Process ID: 7096
PSVersion: 5.1.17134.765
PSEdition: Desktop
PSCompatibleVersions: 1.0, 2.0, 3.0, 4.0, 5.0, 5.1.17134.765
BuildVersion: 10.0.17134.765
CLRVersion: 4.0.30319.42000
WSManStackVersion: 3.0
PSRemotingProtocolVersion: 2.3
SerializationVersion: 1.1.0.1
**********************
Transcript started, output file is C:\HAL\Powershell\Share\log\Heritage_Traitement.log
C:\HAL\Powershell\Share\test\Share1
PS>TerminatingError(Get-Acl): "A positional parameter cannot be found that accepts argument 'C:\HAL\Powershell\Share\test\Share1'."
Get-Acl : A positional parameter cannot be found that accepts argument 'C:\HAL\Powershell\Share\test\Share1'.
At C:\hal\Powershell\share\Heritage_TraitementRepertoiresRacinesv1.ps1:89 char:12
+     $acl = get-acl -LiteralPath.$d.FullName
+            ~~~~~~~~~~~~~~~~~~~~~~~~~~~~~~~~
    + CategoryInfo          : InvalidArgument: (:) [Get-Acl], ParameterBindingException
    + FullyQualifiedErrorId : PositionalParameterNotFound,Microsoft.PowerShell.Commands.GetAclCommand
Get-Acl : A positional parameter cannot be found that accepts argument 'C:\HAL\Powershell\Share\test\Share1'.
At C:\hal\Powershell\share\Heritage_TraitementRepertoiresRacinesv1.ps1:89 char:12
+     $acl = get-acl -LiteralPath.$d.FullName
+            ~~~~~~~~~~~~~~~~~~~~~~~~~~~~~~~~
    + CategoryInfo          : InvalidArgument: (:) [Get-Acl], ParameterBindingException
    + FullyQualifiedErrorId : PositionalParameterNotFound,Microsoft.PowerShell.Commands.GetAclCommand

>> TerminatingError(Write-Host): "Cannot bind parameter 'ForegroundColor' to the target. Exception setting "ForegroundColor": "Cannot convert null to type "System.ConsoleColor" due to enumeration values that are not valid. Specify one of the following enumeration values and try again. The possible enumeration values are "Black,DarkBlue,DarkGreen,DarkCyan,DarkRed,DarkMagenta,DarkYellow,Gray,DarkGray,Blue,Green,Cyan,Red,Magenta,Yellow,White".""
Write-Host : Cannot bind parameter 'ForegroundColor' to the target. Exception setting "ForegroundColor": "Cannot 
convert null to type "System.ConsoleColor" due to enumeration values that are not valid. Specify one of the following 
enumeration values and try again. The possible enumeration values are "Black,DarkBlue,DarkGreen,DarkCyan,DarkRed,DarkMag
enta,DarkYellow,Gray,DarkGray,Blue,Green,Cyan,Red,Magenta,Yellow,White"."
At C:\hal\Powershell\share\Heritage_TraitementRepertoiresRacinesv1.ps1:90 char:35
+     Write-Host "Protected {0}" -f $acl.AreAccessRulesProtected
+                                   ~~~~~~~~~~~~~~~~~~~~~~~~~~~~
    + CategoryInfo          : WriteError: (:) [Write-Host], ParameterBindingException
    + FullyQualifiedErrorId : ParameterBindingFailed,Microsoft.PowerShell.Commands.WriteHostCommand
Write-Host : Cannot bind parameter 'ForegroundColor' to the target. Exception setting "ForegroundColor": "Cannot convert null to type "System.ConsoleColor" due to enumeration values that are not valid. Specify one of the
following enumeration values and try again. The possible enumeration values are "Black,DarkBlue,DarkGreen,DarkCyan,DarkRed,DarkMagenta,DarkYellow,Gray,DarkGray,Blue,Green,Cyan,Red,Magenta,Yellow,White"."
At C:\hal\Powershell\share\Heritage_TraitementRepertoiresRacinesv1.ps1:90 char:35
+     Write-Host "Protected {0}" -f $acl.AreAccessRulesProtected
+                                   ~~~~~~~~~~~~~~~~~~~~~~~~~~~~
    + CategoryInfo          : WriteError: (:) [Write-Host], ParameterBindingException
    + FullyQualifiedErrorId : ParameterBindingFailed,Microsoft.PowerShell.Commands.WriteHostCommand

VERBOSE: Starting Set-Inheritance
VERBOSE: PATH C:\HAL\Powershell\Share\test\Share1
VERBOSE: Resetting inheritance on C:\HAL\Powershell\Share\test\Share1
VERBOSE: 

PSPath                  : Microsoft.PowerShell.Core\FileSystem::C:\HAL\Powershell\Share\test\Share1
PSParentPath            : Microsoft.PowerShell.Core\FileSystem::C:\HAL\Powershell\Share\test
PSChildName             : Share1
PSDrive                 : C
PSProvider              : Microsoft.PowerShell.Core\FileSystem
CentralAccessPolicyId   : 
CentralAccessPolicyName : 
Path                    : Microsoft.PowerShell.Core\FileSystem::C:\HAL\Powershell\Share\test\Share1
Owner                   : HALSURFACE\halsec
Group                   : HALSURFACE\halsec
Access                  : {System.Security.AccessControl.FileSystemAccessRule, System.Security.AccessControl.FileSystemAccessRule, System.Security.AccessControl.FileSystemAccessRule, 
                          System.Security.AccessControl.FileSystemAccessRule...}
Sddl                    : O:S-1-5-21-1856473636-224214704-149194499-1001G:S-1-5-21-1856473636-224214704-149194499-1001D:AI(A;OICIID;FA;;;BA)(A;OICIID;FA;;;SY)(A;OICIID;0x1200a9;;;BU)(A;ID;0x1301bf;;;AU)(A;OICIIOID;SDGXGWGR;;;AU
                          )
AccessToString          : BUILTIN\Administrators Allow  FullControl
                          NT AUTHORITY\SYSTEM Allow  FullControl
                          BUILTIN\Users Allow  ReadAndExecute, Synchronize
                          NT AUTHORITY\Authenticated Users Allow  Modify, Synchronize
                          NT AUTHORITY\Authenticated Users Allow  -536805376
AuditToString           : 
AccessRightType         : System.Security.AccessControl.FileSystemRights
AccessRuleType          : System.Security.AccessControl.FileSystemAccessRule
AuditRuleType           : System.Security.AccessControl.FileSystemAuditRule
AreAccessRulesProtected : False
AreAuditRulesProtected  : False
AreAccessRulesCanonical : True
AreAuditRulesCanonical  : True
VERBOSE: Setting inheritance to NoInherit
VERBOSE: Removing existing rules
VERBOSE: Setting the new ACL
VERBOSE: Ending Set-Inheritance
C:\HAL\Powershell\Share\test\Share2
PS>TerminatingError(Get-Acl): "A positional parameter cannot be found that accepts argument 'C:\HAL\Powershell\Share\test\Share2'."
Get-Acl : A positional parameter cannot be found that accepts argument 'C:\HAL\Powershell\Share\test\Share2'.
At C:\hal\Powershell\share\Heritage_TraitementRepertoiresRacinesv1.ps1:89 char:12
+     $acl = get-acl -LiteralPath.$d.FullName
+            ~~~~~~~~~~~~~~~~~~~~~~~~~~~~~~~~
    + CategoryInfo          : InvalidArgument: (:) [Get-Acl], ParameterBindingException
    + FullyQualifiedErrorId : PositionalParameterNotFound,Microsoft.PowerShell.Commands.GetAclCommand
Get-Acl : A positional parameter cannot be found that accepts argument 'C:\HAL\Powershell\Share\test\Share2'.
At C:\hal\Powershell\share\Heritage_TraitementRepertoiresRacinesv1.ps1:89 char:12
+     $acl = get-acl -LiteralPath.$d.FullName
+            ~~~~~~~~~~~~~~~~~~~~~~~~~~~~~~~~
    + CategoryInfo          : InvalidArgument: (:) [Get-Acl], ParameterBindingException
    + FullyQualifiedErrorId : PositionalParameterNotFound,Microsoft.PowerShell.Commands.GetAclCommand

>> TerminatingError(Write-Host): "Cannot bind parameter 'ForegroundColor' to the target. Exception setting "ForegroundColor": "Cannot convert null to type "System.ConsoleColor" due to enumeration values that are not valid. Specify one of the following enumeration values and try again. The possible enumeration values are "Black,DarkBlue,DarkGreen,DarkCyan,DarkRed,DarkMagenta,DarkYellow,Gray,DarkGray,Blue,Green,Cyan,Red,Magenta,Yellow,White".""
Write-Host : Cannot bind parameter 'ForegroundColor' to the target. Exception setting "ForegroundColor": "Cannot 
convert null to type "System.ConsoleColor" due to enumeration values that are not valid. Specify one of the following 
enumeration values and try again. The possible enumeration values are "Black,DarkBlue,DarkGreen,DarkCyan,DarkRed,DarkMag
enta,DarkYellow,Gray,DarkGray,Blue,Green,Cyan,Red,Magenta,Yellow,White"."
At C:\hal\Powershell\share\Heritage_TraitementRepertoiresRacinesv1.ps1:90 char:35
+     Write-Host "Protected {0}" -f $acl.AreAccessRulesProtected
+                                   ~~~~~~~~~~~~~~~~~~~~~~~~~~~~
    + CategoryInfo          : WriteError: (:) [Write-Host], ParameterBindingException
    + FullyQualifiedErrorId : ParameterBindingFailed,Microsoft.PowerShell.Commands.WriteHostCommand
Write-Host : Cannot bind parameter 'ForegroundColor' to the target. Exception setting "ForegroundColor": "Cannot convert null to type "System.ConsoleColor" due to enumeration values that are not valid. Specify one of the
following enumeration values and try again. The possible enumeration values are "Black,DarkBlue,DarkGreen,DarkCyan,DarkRed,DarkMagenta,DarkYellow,Gray,DarkGray,Blue,Green,Cyan,Red,Magenta,Yellow,White"."
At C:\hal\Powershell\share\Heritage_TraitementRepertoiresRacinesv1.ps1:90 char:35
+     Write-Host "Protected {0}" -f $acl.AreAccessRulesProtected
+                                   ~~~~~~~~~~~~~~~~~~~~~~~~~~~~
    + CategoryInfo          : WriteError: (:) [Write-Host], ParameterBindingException
    + FullyQualifiedErrorId : ParameterBindingFailed,Microsoft.PowerShell.Commands.WriteHostCommand

VERBOSE: Starting Set-Inheritance
VERBOSE: PATH C:\HAL\Powershell\Share\test\Share2
VERBOSE: Resetting inheritance on C:\HAL\Powershell\Share\test\Share2
VERBOSE: 

PSPath                  : Microsoft.PowerShell.Core\FileSystem::C:\HAL\Powershell\Share\test\Share2
PSParentPath            : Microsoft.PowerShell.Core\FileSystem::C:\HAL\Powershell\Share\test
PSChildName             : Share2
PSDrive                 : C
PSProvider              : Microsoft.PowerShell.Core\FileSystem
CentralAccessPolicyId   : 
CentralAccessPolicyName : 
Path                    : Microsoft.PowerShell.Core\FileSystem::C:\HAL\Powershell\Share\test\Share2
Owner                   : HALSURFACE\halsec
Group                   : HALSURFACE\halsec
Access                  : {System.Security.AccessControl.FileSystemAccessRule, System.Security.AccessControl.FileSystemAccessRule, System.Security.AccessControl.FileSystemAccessRule, 
                          System.Security.AccessControl.FileSystemAccessRule...}
Sddl                    : O:S-1-5-21-1856473636-224214704-149194499-1001G:S-1-5-21-1856473636-224214704-149194499-1001D:AI(A;OICIID;FA;;;BA)(A;OICIID;FA;;;SY)(A;OICIID;0x1200a9;;;BU)(A;ID;0x1301bf;;;AU)(A;OICIIOID;SDGXGWGR;;;AU
                          )
AccessToString          : BUILTIN\Administrators Allow  FullControl
                          NT AUTHORITY\SYSTEM Allow  FullControl
                          BUILTIN\Users Allow  ReadAndExecute, Synchronize
                          NT AUTHORITY\Authenticated Users Allow  Modify, Synchronize
                          NT AUTHORITY\Authenticated Users Allow  -536805376
AuditToString           : 
AccessRightType         : System.Security.AccessControl.FileSystemRights
AccessRuleType          : System.Security.AccessControl.FileSystemAccessRule
AuditRuleType           : System.Security.AccessControl.FileSystemAuditRule
AreAccessRulesProtected : False
AreAuditRulesProtected  : False
AreAccessRulesCanonical : True
AreAuditRulesCanonical  : True
VERBOSE: Setting inheritance to NoInherit
VERBOSE: Removing existing rules
VERBOSE: Setting the new ACL
VERBOSE: Ending Set-Inheritance
C:\HAL\Powershell\Share\test\Share3
PS>TerminatingError(Get-Acl): "A positional parameter cannot be found that accepts argument 'C:\HAL\Powershell\Share\test\Share3'."
Get-Acl : A positional parameter cannot be found that accepts argument 'C:\HAL\Powershell\Share\test\Share3'.
At C:\hal\Powershell\share\Heritage_TraitementRepertoiresRacinesv1.ps1:89 char:12
+     $acl = get-acl -LiteralPath.$d.FullName
+            ~~~~~~~~~~~~~~~~~~~~~~~~~~~~~~~~
    + CategoryInfo          : InvalidArgument: (:) [Get-Acl], ParameterBindingException
    + FullyQualifiedErrorId : PositionalParameterNotFound,Microsoft.PowerShell.Commands.GetAclCommand
Get-Acl : A positional parameter cannot be found that accepts argument 'C:\HAL\Powershell\Share\test\Share3'.
At C:\hal\Powershell\share\Heritage_TraitementRepertoiresRacinesv1.ps1:89 char:12
+     $acl = get-acl -LiteralPath.$d.FullName
+            ~~~~~~~~~~~~~~~~~~~~~~~~~~~~~~~~
    + CategoryInfo          : InvalidArgument: (:) [Get-Acl], ParameterBindingException
    + FullyQualifiedErrorId : PositionalParameterNotFound,Microsoft.PowerShell.Commands.GetAclCommand

>> TerminatingError(Write-Host): "Cannot bind parameter 'ForegroundColor' to the target. Exception setting "ForegroundColor": "Cannot convert null to type "System.ConsoleColor" due to enumeration values that are not valid. Specify one of the following enumeration values and try again. The possible enumeration values are "Black,DarkBlue,DarkGreen,DarkCyan,DarkRed,DarkMagenta,DarkYellow,Gray,DarkGray,Blue,Green,Cyan,Red,Magenta,Yellow,White".""
Write-Host : Cannot bind parameter 'ForegroundColor' to the target. Exception setting "ForegroundColor": "Cannot 
convert null to type "System.ConsoleColor" due to enumeration values that are not valid. Specify one of the following 
enumeration values and try again. The possible enumeration values are "Black,DarkBlue,DarkGreen,DarkCyan,DarkRed,DarkMag
enta,DarkYellow,Gray,DarkGray,Blue,Green,Cyan,Red,Magenta,Yellow,White"."
At C:\hal\Powershell\share\Heritage_TraitementRepertoiresRacinesv1.ps1:90 char:35
+     Write-Host "Protected {0}" -f $acl.AreAccessRulesProtected
+                                   ~~~~~~~~~~~~~~~~~~~~~~~~~~~~
    + CategoryInfo          : WriteError: (:) [Write-Host], ParameterBindingException
    + FullyQualifiedErrorId : ParameterBindingFailed,Microsoft.PowerShell.Commands.WriteHostCommand
Write-Host : Cannot bind parameter 'ForegroundColor' to the target. Exception setting "ForegroundColor": "Cannot convert null to type "System.ConsoleColor" due to enumeration values that are not valid. Specify one of the
following enumeration values and try again. The possible enumeration values are "Black,DarkBlue,DarkGreen,DarkCyan,DarkRed,DarkMagenta,DarkYellow,Gray,DarkGray,Blue,Green,Cyan,Red,Magenta,Yellow,White"."
At C:\hal\Powershell\share\Heritage_TraitementRepertoiresRacinesv1.ps1:90 char:35
+     Write-Host "Protected {0}" -f $acl.AreAccessRulesProtected
+                                   ~~~~~~~~~~~~~~~~~~~~~~~~~~~~
    + CategoryInfo          : WriteError: (:) [Write-Host], ParameterBindingException
    + FullyQualifiedErrorId : ParameterBindingFailed,Microsoft.PowerShell.Commands.WriteHostCommand

VERBOSE: Starting Set-Inheritance
VERBOSE: PATH C:\HAL\Powershell\Share\test\Share3
VERBOSE: Resetting inheritance on C:\HAL\Powershell\Share\test\Share3
VERBOSE: 

PSPath                  : Microsoft.PowerShell.Core\FileSystem::C:\HAL\Powershell\Share\test\Share3
PSParentPath            : Microsoft.PowerShell.Core\FileSystem::C:\HAL\Powershell\Share\test
PSChildName             : Share3
PSDrive                 : C
PSProvider              : Microsoft.PowerShell.Core\FileSystem
CentralAccessPolicyId   : 
CentralAccessPolicyName : 
Path                    : Microsoft.PowerShell.Core\FileSystem::C:\HAL\Powershell\Share\test\Share3
Owner                   : HALSURFACE\halsec
Group                   : HALSURFACE\halsec
Access                  : {System.Security.AccessControl.FileSystemAccessRule, System.Security.AccessControl.FileSystemAccessRule, System.Security.AccessControl.FileSystemAccessRule, 
                          System.Security.AccessControl.FileSystemAccessRule}
Sddl                    : O:S-1-5-21-1856473636-224214704-149194499-1001G:S-1-5-21-1856473636-224214704-149194499-1001D:PAI(A;OICI;0x1301bf;;;AU)(A;OICI;FA;;;SY)(A;OICI;FA;;;BA)(A;OICI;0x1200a9;;;BU)
AccessToString          : NT AUTHORITY\Authenticated Users Allow  Modify, Synchronize
                          NT AUTHORITY\SYSTEM Allow  FullControl
                          BUILTIN\Administrators Allow  FullControl
                          BUILTIN\Users Allow  ReadAndExecute, Synchronize
AuditToString           : 
AccessRightType         : System.Security.AccessControl.FileSystemRights
AccessRuleType          : System.Security.AccessControl.FileSystemAccessRule
AuditRuleType           : System.Security.AccessControl.FileSystemAuditRule
AreAccessRulesProtected : True
AreAuditRulesProtected  : False
AreAccessRulesCanonical : True
AreAuditRulesCanonical  : True
VERBOSE: Setting inheritance to NoInherit
VERBOSE: Removing existing rules
VERBOSE: Setting the new ACL
VERBOSE: Ending Set-Inheritance
C:\HAL\Powershell\Share\test\Share1\Test1
PS>TerminatingError(Get-Acl): "A positional parameter cannot be found that accepts argument 'C:\HAL\Powershell\Share\test\Share1\Test1'."
Get-Acl : A positional parameter cannot be found that accepts argument 'C:\HAL\Powershell\Share\test\Share1\Test1'.
At C:\hal\Powershell\share\Heritage_TraitementRepertoiresRacinesv1.ps1:89 char:12
+     $acl = get-acl -LiteralPath.$d.FullName
+            ~~~~~~~~~~~~~~~~~~~~~~~~~~~~~~~~
    + CategoryInfo          : InvalidArgument: (:) [Get-Acl], ParameterBindingException
    + FullyQualifiedErrorId : PositionalParameterNotFound,Microsoft.PowerShell.Commands.GetAclCommand
Get-Acl : A positional parameter cannot be found that accepts argument 'C:\HAL\Powershell\Share\test\Share1\Test1'.
At C:\hal\Powershell\share\Heritage_TraitementRepertoiresRacinesv1.ps1:89 char:12
+     $acl = get-acl -LiteralPath.$d.FullName
+            ~~~~~~~~~~~~~~~~~~~~~~~~~~~~~~~~
    + CategoryInfo          : InvalidArgument: (:) [Get-Acl], ParameterBindingException
    + FullyQualifiedErrorId : PositionalParameterNotFound,Microsoft.PowerShell.Commands.GetAclCommand

>> TerminatingError(Write-Host): "Cannot bind parameter 'ForegroundColor' to the target. Exception setting "ForegroundColor": "Cannot convert null to type "System.ConsoleColor" due to enumeration values that are not valid. Specify one of the following enumeration values and try again. The possible enumeration values are "Black,DarkBlue,DarkGreen,DarkCyan,DarkRed,DarkMagenta,DarkYellow,Gray,DarkGray,Blue,Green,Cyan,Red,Magenta,Yellow,White".""
Write-Host : Cannot bind parameter 'ForegroundColor' to the target. Exception setting "ForegroundColor": "Cannot 
convert null to type "System.ConsoleColor" due to enumeration values that are not valid. Specify one of the following 
enumeration values and try again. The possible enumeration values are "Black,DarkBlue,DarkGreen,DarkCyan,DarkRed,DarkMag
enta,DarkYellow,Gray,DarkGray,Blue,Green,Cyan,Red,Magenta,Yellow,White"."
At C:\hal\Powershell\share\Heritage_TraitementRepertoiresRacinesv1.ps1:90 char:35
+     Write-Host "Protected {0}" -f $acl.AreAccessRulesProtected
+                                   ~~~~~~~~~~~~~~~~~~~~~~~~~~~~
    + CategoryInfo          : WriteError: (:) [Write-Host], ParameterBindingException
    + FullyQualifiedErrorId : ParameterBindingFailed,Microsoft.PowerShell.Commands.WriteHostCommand
Write-Host : Cannot bind parameter 'ForegroundColor' to the target. Exception setting "ForegroundColor": "Cannot convert null to type "System.ConsoleColor" due to enumeration values that are not valid. Specify one of the
following enumeration values and try again. The possible enumeration values are "Black,DarkBlue,DarkGreen,DarkCyan,DarkRed,DarkMagenta,DarkYellow,Gray,DarkGray,Blue,Green,Cyan,Red,Magenta,Yellow,White"."
At C:\hal\Powershell\share\Heritage_TraitementRepertoiresRacinesv1.ps1:90 char:35
+     Write-Host "Protected {0}" -f $acl.AreAccessRulesProtected
+                                   ~~~~~~~~~~~~~~~~~~~~~~~~~~~~
    + CategoryInfo          : WriteError: (:) [Write-Host], ParameterBindingException
    + FullyQualifiedErrorId : ParameterBindingFailed,Microsoft.PowerShell.Commands.WriteHostCommand

VERBOSE: Starting Set-Inheritance
VERBOSE: PATH C:\HAL\Powershell\Share\test\Share1\Test1
Convert-Path : Access is denied
At C:\hal\Powershell\share\Heritage_TraitementRepertoiresRacinesv1.ps1:25 char:35
+         $fitem = Get-Item -path $(Convert-Path $Path) -ErrorAction St ...
+                                   ~~~~~~~~~~~~~~~~~~
    + CategoryInfo          : PermissionDenied: (C:\HAL\Powershe...st\Share1\Test1:String) [Convert-Path], 
UnauthorizedAccessException
    + FullyQualifiedErrorId : ItemExistsUnauthorizedAccessError,Microsoft.PowerShell.Commands.ConvertPathCommand
Convert-Path : Access is denied
At C:\hal\Powershell\share\Heritage_TraitementRepertoiresRacinesv1.ps1:25 char:35
+         $fitem = Get-Item -path $(Convert-Path $Path) -ErrorAction St ...
+                                   ~~~~~~~~~~~~~~~~~~
    + CategoryInfo          : PermissionDenied: (C:\HAL\Powershe...st\Share1\Test1:String) [Convert-Path], UnauthorizedAccessException
    + FullyQualifiedErrorId : ItemExistsUnauthorizedAccessError,Microsoft.PowerShell.Commands.ConvertPathCommand

Convert-Path : Cannot find path 'C:\HAL\Powershell\Share\test\Share1\Test1' because it does not exist.
At C:\hal\Powershell\share\Heritage_TraitementRepertoiresRacinesv1.ps1:25 char:35
+         $fitem = Get-Item -path $(Convert-Path $Path) -ErrorAction St ...
+                                   ~~~~~~~~~~~~~~~~~~
    + CategoryInfo          : ObjectNotFound: (C:\HAL\Powershe...st\Share1\Test1:String) [Convert-Path], 
ItemNotFoundException
    + FullyQualifiedErrorId : PathNotFound,Microsoft.PowerShell.Commands.ConvertPathCommand
Convert-Path : Cannot find path 'C:\HAL\Powershell\Share\test\Share1\Test1' because it does not exist.
At C:\hal\Powershell\share\Heritage_TraitementRepertoiresRacinesv1.ps1:25 char:35
+         $fitem = Get-Item -path $(Convert-Path $Path) -ErrorAction St ...
+                                   ~~~~~~~~~~~~~~~~~~
    + CategoryInfo          : ObjectNotFound: (C:\HAL\Powershe...st\Share1\Test1:String) [Convert-Path], ItemNotFoundException
    + FullyQualifiedErrorId : PathNotFound,Microsoft.PowerShell.Commands.ConvertPathCommand

PS>TerminatingError(Get-Item): "Cannot bind argument to parameter 'Path' because it is null."
WARNING: Failed to get C:\HAL\Powershell\Share\test\Share1\Test1
WARNING: Cannot bind argument to parameter 'Path' because it is null.
VERBOSE: Ending Set-Inheritance
C:\HAL\Powershell\Share\test\Share1\test2
PS>TerminatingError(Get-Acl): "A positional parameter cannot be found that accepts argument 'C:\HAL\Powershell\Share\test\Share1\test2'."
Get-Acl : A positional parameter cannot be found that accepts argument 'C:\HAL\Powershell\Share\test\Share1\test2'.
At C:\hal\Powershell\share\Heritage_TraitementRepertoiresRacinesv1.ps1:89 char:12
+     $acl = get-acl -LiteralPath.$d.FullName
+            ~~~~~~~~~~~~~~~~~~~~~~~~~~~~~~~~
    + CategoryInfo          : InvalidArgument: (:) [Get-Acl], ParameterBindingException
    + FullyQualifiedErrorId : PositionalParameterNotFound,Microsoft.PowerShell.Commands.GetAclCommand
Get-Acl : A positional parameter cannot be found that accepts argument 'C:\HAL\Powershell\Share\test\Share1\test2'.
At C:\hal\Powershell\share\Heritage_TraitementRepertoiresRacinesv1.ps1:89 char:12
+     $acl = get-acl -LiteralPath.$d.FullName
+            ~~~~~~~~~~~~~~~~~~~~~~~~~~~~~~~~
    + CategoryInfo          : InvalidArgument: (:) [Get-Acl], ParameterBindingException
    + FullyQualifiedErrorId : PositionalParameterNotFound,Microsoft.PowerShell.Commands.GetAclCommand

>> TerminatingError(Write-Host): "Cannot bind parameter 'ForegroundColor' to the target. Exception setting "ForegroundColor": "Cannot convert null to type "System.ConsoleColor" due to enumeration values that are not valid. Specify one of the following enumeration values and try again. The possible enumeration values are "Black,DarkBlue,DarkGreen,DarkCyan,DarkRed,DarkMagenta,DarkYellow,Gray,DarkGray,Blue,Green,Cyan,Red,Magenta,Yellow,White".""
Write-Host : Cannot bind parameter 'ForegroundColor' to the target. Exception setting "ForegroundColor": "Cannot 
convert null to type "System.ConsoleColor" due to enumeration values that are not valid. Specify one of the following 
enumeration values and try again. The possible enumeration values are "Black,DarkBlue,DarkGreen,DarkCyan,DarkRed,DarkMag
enta,DarkYellow,Gray,DarkGray,Blue,Green,Cyan,Red,Magenta,Yellow,White"."
At C:\hal\Powershell\share\Heritage_TraitementRepertoiresRacinesv1.ps1:90 char:35
+     Write-Host "Protected {0}" -f $acl.AreAccessRulesProtected
+                                   ~~~~~~~~~~~~~~~~~~~~~~~~~~~~
    + CategoryInfo          : WriteError: (:) [Write-Host], ParameterBindingException
    + FullyQualifiedErrorId : ParameterBindingFailed,Microsoft.PowerShell.Commands.WriteHostCommand
Write-Host : Cannot bind parameter 'ForegroundColor' to the target. Exception setting "ForegroundColor": "Cannot convert null to type "System.ConsoleColor" due to enumeration values that are not valid. Specify one of the
following enumeration values and try again. The possible enumeration values are "Black,DarkBlue,DarkGreen,DarkCyan,DarkRed,DarkMagenta,DarkYellow,Gray,DarkGray,Blue,Green,Cyan,Red,Magenta,Yellow,White"."
At C:\hal\Powershell\share\Heritage_TraitementRepertoiresRacinesv1.ps1:90 char:35
+     Write-Host "Protected {0}" -f $acl.AreAccessRulesProtected
+                                   ~~~~~~~~~~~~~~~~~~~~~~~~~~~~
    + CategoryInfo          : WriteError: (:) [Write-Host], ParameterBindingException
    + FullyQualifiedErrorId : ParameterBindingFailed,Microsoft.PowerShell.Commands.WriteHostCommand

VERBOSE: Starting Set-Inheritance
VERBOSE: PATH C:\HAL\Powershell\Share\test\Share1\test2
VERBOSE: Resetting inheritance on C:\HAL\Powershell\Share\test\Share1\test2
VERBOSE: 

PSPath                  : Microsoft.PowerShell.Core\FileSystem::C:\HAL\Powershell\Share\test\Share1\test2
PSParentPath            : Microsoft.PowerShell.Core\FileSystem::C:\HAL\Powershell\Share\test\Share1
PSChildName             : test2
PSDrive                 : C
PSProvider              : Microsoft.PowerShell.Core\FileSystem
CentralAccessPolicyId   : 
CentralAccessPolicyName : 
Path                    : Microsoft.PowerShell.Core\FileSystem::C:\HAL\Powershell\Share\test\Share1\test2
Owner                   : HALSURFACE\halsec
Group                   : HALSURFACE\halsec
Access                  : {System.Security.AccessControl.FileSystemAccessRule, System.Security.AccessControl.FileSystemAccessRule, System.Security.AccessControl.FileSystemAccessRule, 
                          System.Security.AccessControl.FileSystemAccessRule}
Sddl                    : O:S-1-5-21-1856473636-224214704-149194499-1001G:S-1-5-21-1856473636-224214704-149194499-1001D:PAI(A;OICI;0x1301bf;;;AU)(A;OICI;0x1200a9;;;S-1-5-13)(A;OICI;FA;;;BA)(A;OICI;0x1200a9;;;BU)
AccessToString          : NT AUTHORITY\Authenticated Users Allow  Modify, Synchronize
                          NT AUTHORITY\TERMINAL SERVER USER Allow  ReadAndExecute, Synchronize
                          BUILTIN\Administrators Allow  FullControl
                          BUILTIN\Users Allow  ReadAndExecute, Synchronize
AuditToString           : 
AccessRightType         : System.Security.AccessControl.FileSystemRights
AccessRuleType          : System.Security.AccessControl.FileSystemAccessRule
AuditRuleType           : System.Security.AccessControl.FileSystemAuditRule
AreAccessRulesProtected : True
AreAuditRulesProtected  : False
AreAccessRulesCanonical : True
AreAuditRulesCanonical  : True
VERBOSE: Setting inheritance to NoInherit
VERBOSE: Removing existing rules
VERBOSE: Setting the new ACL
VERBOSE: Ending Set-Inheritance
Nb de dossiers sans permissions : 5
**********************
Windows PowerShell transcript end
End time: 20190601121942
**********************
**********************
Windows PowerShell transcript start
Start time: 20190601122206
Username: HALSURFACE\halsec
RunAs User: HALSURFACE\halsec
Configuration Name: 
Machine: HALSURFACE (Microsoft Windows NT 10.0.17134.0)
Host Application: C:\Windows\System32\WindowsPowerShell\v1.0\powershell.exe
Process ID: 7096
PSVersion: 5.1.17134.765
PSEdition: Desktop
PSCompatibleVersions: 1.0, 2.0, 3.0, 4.0, 5.0, 5.1.17134.765
BuildVersion: 10.0.17134.765
CLRVersion: 4.0.30319.42000
WSManStackVersion: 3.0
PSRemotingProtocolVersion: 2.3
SerializationVersion: 1.1.0.1
**********************
Transcript started, output file is C:\HAL\Powershell\Share\log\Heritage_Traitement.log
Get-ChildItem : Access to the path 'C:\HAL\Powershell\Share\test\Share1' is denied.
At C:\hal\Powershell\share\Heritage_TraitementRepertoiresRacinesv1.ps1:83 char:8
+ $dir = Get-ChildItem -Attributes Directory -Path $path -Recurse
+        ~~~~~~~~~~~~~~~~~~~~~~~~~~~~~~~~~~~~~~~~~~~~~~~~~~~~~~~~
    + CategoryInfo          : PermissionDenied: (C:\HAL\Powershell\Share\test\Share1:String) [Get-ChildItem], 
UnauthorizedAccessException
    + FullyQualifiedErrorId : DirUnauthorizedAccessError,Microsoft.PowerShell.Commands.GetChildItemCommand
Get-ChildItem : Access to the path 'C:\HAL\Powershell\Share\test\Share1' is denied.
At C:\hal\Powershell\share\Heritage_TraitementRepertoiresRacinesv1.ps1:83 char:8
+ $dir = Get-ChildItem -Attributes Directory -Path $path -Recurse
+        ~~~~~~~~~~~~~~~~~~~~~~~~~~~~~~~~~~~~~~~~~~~~~~~~~~~~~~~~
    + CategoryInfo          : PermissionDenied: (C:\HAL\Powershell\Share\test\Share1:String) [Get-ChildItem], UnauthorizedAccessException
    + FullyQualifiedErrorId : DirUnauthorizedAccessError,Microsoft.PowerShell.Commands.GetChildItemCommand

Get-ChildItem : Access to the path 'C:\HAL\Powershell\Share\test\Share2' is denied.
At C:\hal\Powershell\share\Heritage_TraitementRepertoiresRacinesv1.ps1:83 char:8
+ $dir = Get-ChildItem -Attributes Directory -Path $path -Recurse
+        ~~~~~~~~~~~~~~~~~~~~~~~~~~~~~~~~~~~~~~~~~~~~~~~~~~~~~~~~
    + CategoryInfo          : PermissionDenied: (C:\HAL\Powershell\Share\test\Share2:String) [Get-ChildItem], 
UnauthorizedAccessException
    + FullyQualifiedErrorId : DirUnauthorizedAccessError,Microsoft.PowerShell.Commands.GetChildItemCommand
Get-ChildItem : Access to the path 'C:\HAL\Powershell\Share\test\Share2' is denied.
At C:\hal\Powershell\share\Heritage_TraitementRepertoiresRacinesv1.ps1:83 char:8
+ $dir = Get-ChildItem -Attributes Directory -Path $path -Recurse
+        ~~~~~~~~~~~~~~~~~~~~~~~~~~~~~~~~~~~~~~~~~~~~~~~~~~~~~~~~
    + CategoryInfo          : PermissionDenied: (C:\HAL\Powershell\Share\test\Share2:String) [Get-ChildItem], UnauthorizedAccessException
    + FullyQualifiedErrorId : DirUnauthorizedAccessError,Microsoft.PowerShell.Commands.GetChildItemCommand

C:\HAL\Powershell\Share\test\Share1
PS>TerminatingError(Write-Host): "Cannot bind parameter 'ForegroundColor'. Cannot convert value "True" to type "System.ConsoleColor". Error: "Invalid cast from 'System.Boolean' to 'System.ConsoleColor'.""
Write-Host : Cannot bind parameter 'ForegroundColor'. Cannot convert value "True" to type "System.ConsoleColor". Error: 
"Invalid cast from 'System.Boolean' to 'System.ConsoleColor'."
At C:\hal\Powershell\share\Heritage_TraitementRepertoiresRacinesv1.ps1:90 char:35
+     Write-Host "Protected {0}" -f $acl.AreAccessRulesProtected
+                                   ~~~~~~~~~~~~~~~~~~~~~~~~~~~~
    + CategoryInfo          : InvalidArgument: (:) [Write-Host], ParameterBindingException
    + FullyQualifiedErrorId : CannotConvertArgumentNoMessage,Microsoft.PowerShell.Commands.WriteHostCommand
Write-Host : Cannot bind parameter 'ForegroundColor'. Cannot convert value "True" to type "System.ConsoleColor". Error: "Invalid cast from 'System.Boolean' to 'System.ConsoleColor'."
At C:\hal\Powershell\share\Heritage_TraitementRepertoiresRacinesv1.ps1:90 char:35
+     Write-Host "Protected {0}" -f $acl.AreAccessRulesProtected
+                                   ~~~~~~~~~~~~~~~~~~~~~~~~~~~~
    + CategoryInfo          : InvalidArgument: (:) [Write-Host], ParameterBindingException
    + FullyQualifiedErrorId : CannotConvertArgumentNoMessage,Microsoft.PowerShell.Commands.WriteHostCommand

0
VERBOSE: Starting Set-Inheritance
VERBOSE: PATH C:\HAL\Powershell\Share\test\Share1
VERBOSE: Resetting inheritance on C:\HAL\Powershell\Share\test\Share1
VERBOSE: 

PSPath                  : Microsoft.PowerShell.Core\FileSystem::C:\HAL\Powershell\Share\test\Share1
PSParentPath            : Microsoft.PowerShell.Core\FileSystem::C:\HAL\Powershell\Share\test
PSChildName             : Share1
PSDrive                 : C
PSProvider              : Microsoft.PowerShell.Core\FileSystem
CentralAccessPolicyId   : 
CentralAccessPolicyName : 
Path                    : Microsoft.PowerShell.Core\FileSystem::C:\HAL\Powershell\Share\test\Share1
Owner                   : HALSURFACE\halsec
Group                   : HALSURFACE\halsec
Access                  : {}
Sddl                    : O:S-1-5-21-1856473636-224214704-149194499-1001G:S-1-5-21-1856473636-224214704-149194499-1001D:PAI
AccessToString          : 
AuditToString           : 
AccessRightType         : System.Security.AccessControl.FileSystemRights
AccessRuleType          : System.Security.AccessControl.FileSystemAccessRule
AuditRuleType           : System.Security.AccessControl.FileSystemAuditRule
AreAccessRulesProtected : True
AreAuditRulesProtected  : False
AreAccessRulesCanonical : True
AreAuditRulesCanonical  : True
VERBOSE: Setting inheritance to NoInherit
VERBOSE: Removing existing rules
VERBOSE: Setting the new ACL
VERBOSE: Ending Set-Inheritance
C:\HAL\Powershell\Share\test\Share2
PS>TerminatingError(Write-Host): "Cannot bind parameter 'ForegroundColor'. Cannot convert value "True" to type "System.ConsoleColor". Error: "Invalid cast from 'System.Boolean' to 'System.ConsoleColor'.""
Write-Host : Cannot bind parameter 'ForegroundColor'. Cannot convert value "True" to type "System.ConsoleColor". Error: 
"Invalid cast from 'System.Boolean' to 'System.ConsoleColor'."
At C:\hal\Powershell\share\Heritage_TraitementRepertoiresRacinesv1.ps1:90 char:35
+     Write-Host "Protected {0}" -f $acl.AreAccessRulesProtected
+                                   ~~~~~~~~~~~~~~~~~~~~~~~~~~~~
    + CategoryInfo          : InvalidArgument: (:) [Write-Host], ParameterBindingException
    + FullyQualifiedErrorId : CannotConvertArgumentNoMessage,Microsoft.PowerShell.Commands.WriteHostCommand
Write-Host : Cannot bind parameter 'ForegroundColor'. Cannot convert value "True" to type "System.ConsoleColor". Error: "Invalid cast from 'System.Boolean' to 'System.ConsoleColor'."
At C:\hal\Powershell\share\Heritage_TraitementRepertoiresRacinesv1.ps1:90 char:35
+     Write-Host "Protected {0}" -f $acl.AreAccessRulesProtected
+                                   ~~~~~~~~~~~~~~~~~~~~~~~~~~~~
    + CategoryInfo          : InvalidArgument: (:) [Write-Host], ParameterBindingException
    + FullyQualifiedErrorId : CannotConvertArgumentNoMessage,Microsoft.PowerShell.Commands.WriteHostCommand

0
VERBOSE: Starting Set-Inheritance
VERBOSE: PATH C:\HAL\Powershell\Share\test\Share2
VERBOSE: Resetting inheritance on C:\HAL\Powershell\Share\test\Share2
VERBOSE: 

PSPath                  : Microsoft.PowerShell.Core\FileSystem::C:\HAL\Powershell\Share\test\Share2
PSParentPath            : Microsoft.PowerShell.Core\FileSystem::C:\HAL\Powershell\Share\test
PSChildName             : Share2
PSDrive                 : C
PSProvider              : Microsoft.PowerShell.Core\FileSystem
CentralAccessPolicyId   : 
CentralAccessPolicyName : 
Path                    : Microsoft.PowerShell.Core\FileSystem::C:\HAL\Powershell\Share\test\Share2
Owner                   : HALSURFACE\halsec
Group                   : HALSURFACE\halsec
Access                  : {}
Sddl                    : O:S-1-5-21-1856473636-224214704-149194499-1001G:S-1-5-21-1856473636-224214704-149194499-1001D:PAI
AccessToString          : 
AuditToString           : 
AccessRightType         : System.Security.AccessControl.FileSystemRights
AccessRuleType          : System.Security.AccessControl.FileSystemAccessRule
AuditRuleType           : System.Security.AccessControl.FileSystemAuditRule
AreAccessRulesProtected : True
AreAuditRulesProtected  : False
AreAccessRulesCanonical : True
AreAuditRulesCanonical  : True
VERBOSE: Setting inheritance to NoInherit
VERBOSE: Removing existing rules
VERBOSE: Setting the new ACL
VERBOSE: Ending Set-Inheritance
C:\HAL\Powershell\Share\test\Share3
PS>TerminatingError(Write-Host): "Cannot bind parameter 'ForegroundColor'. Cannot convert value "True" to type "System.ConsoleColor". Error: "Invalid cast from 'System.Boolean' to 'System.ConsoleColor'.""
Write-Host : Cannot bind parameter 'ForegroundColor'. Cannot convert value "True" to type "System.ConsoleColor". Error: 
"Invalid cast from 'System.Boolean' to 'System.ConsoleColor'."
At C:\hal\Powershell\share\Heritage_TraitementRepertoiresRacinesv1.ps1:90 char:35
+     Write-Host "Protected {0}" -f $acl.AreAccessRulesProtected
+                                   ~~~~~~~~~~~~~~~~~~~~~~~~~~~~
    + CategoryInfo          : InvalidArgument: (:) [Write-Host], ParameterBindingException
    + FullyQualifiedErrorId : CannotConvertArgumentNoMessage,Microsoft.PowerShell.Commands.WriteHostCommand
Write-Host : Cannot bind parameter 'ForegroundColor'. Cannot convert value "True" to type "System.ConsoleColor". Error: "Invalid cast from 'System.Boolean' to 'System.ConsoleColor'."
At C:\hal\Powershell\share\Heritage_TraitementRepertoiresRacinesv1.ps1:90 char:35
+     Write-Host "Protected {0}" -f $acl.AreAccessRulesProtected
+                                   ~~~~~~~~~~~~~~~~~~~~~~~~~~~~
    + CategoryInfo          : InvalidArgument: (:) [Write-Host], ParameterBindingException
    + FullyQualifiedErrorId : CannotConvertArgumentNoMessage,Microsoft.PowerShell.Commands.WriteHostCommand

0
VERBOSE: Starting Set-Inheritance
VERBOSE: PATH C:\HAL\Powershell\Share\test\Share3
VERBOSE: Resetting inheritance on C:\HAL\Powershell\Share\test\Share3
VERBOSE: 

PSPath                  : Microsoft.PowerShell.Core\FileSystem::C:\HAL\Powershell\Share\test\Share3
PSParentPath            : Microsoft.PowerShell.Core\FileSystem::C:\HAL\Powershell\Share\test
PSChildName             : Share3
PSDrive                 : C
PSProvider              : Microsoft.PowerShell.Core\FileSystem
CentralAccessPolicyId   : 
CentralAccessPolicyName : 
Path                    : Microsoft.PowerShell.Core\FileSystem::C:\HAL\Powershell\Share\test\Share3
Owner                   : HALSURFACE\halsec
Group                   : HALSURFACE\halsec
Access                  : {System.Security.AccessControl.FileSystemAccessRule, System.Security.AccessControl.FileSystemAccessRule, System.Security.AccessControl.FileSystemAccessRule, 
                          System.Security.AccessControl.FileSystemAccessRule}
Sddl                    : O:S-1-5-21-1856473636-224214704-149194499-1001G:S-1-5-21-1856473636-224214704-149194499-1001D:PAI(A;OICI;0x1301bf;;;AU)(A;OICI;FA;;;SY)(A;OICI;FA;;;BA)(A;OICI;0x1200a9;;;BU)
AccessToString          : NT AUTHORITY\Authenticated Users Allow  Modify, Synchronize
                          NT AUTHORITY\SYSTEM Allow  FullControl
                          BUILTIN\Administrators Allow  FullControl
                          BUILTIN\Users Allow  ReadAndExecute, Synchronize
AuditToString           : 
AccessRightType         : System.Security.AccessControl.FileSystemRights
AccessRuleType          : System.Security.AccessControl.FileSystemAccessRule
AuditRuleType           : System.Security.AccessControl.FileSystemAuditRule
AreAccessRulesProtected : True
AreAuditRulesProtected  : False
AreAccessRulesCanonical : True
AreAuditRulesCanonical  : True
VERBOSE: Setting inheritance to NoInherit
VERBOSE: Removing existing rules
VERBOSE: Setting the new ACL
VERBOSE: Ending Set-Inheritance
Nb de dossiers sans permissions : 3
**********************
Windows PowerShell transcript end
End time: 20190601122207
**********************
**********************
Windows PowerShell transcript start
Start time: 20190601122353
Username: HALSURFACE\halsec
RunAs User: HALSURFACE\halsec
Configuration Name: 
Machine: HALSURFACE (Microsoft Windows NT 10.0.17134.0)
Host Application: C:\Windows\System32\WindowsPowerShell\v1.0\powershell.exe
Process ID: 7096
PSVersion: 5.1.17134.765
PSEdition: Desktop
PSCompatibleVersions: 1.0, 2.0, 3.0, 4.0, 5.0, 5.1.17134.765
BuildVersion: 10.0.17134.765
CLRVersion: 4.0.30319.42000
WSManStackVersion: 3.0
PSRemotingProtocolVersion: 2.3
SerializationVersion: 1.1.0.1
**********************
Transcript started, output file is C:\HAL\Powershell\Share\log\Heritage_Traitement.log
Get-ChildItem : Access to the path 'C:\HAL\Powershell\Share\test\Share1' is denied.
At C:\hal\Powershell\share\Heritage_TraitementRepertoiresRacinesv1.ps1:83 char:8
+ $dir = Get-ChildItem -Attributes Directory -Path $path -Recurse
+        ~~~~~~~~~~~~~~~~~~~~~~~~~~~~~~~~~~~~~~~~~~~~~~~~~~~~~~~~
    + CategoryInfo          : PermissionDenied: (C:\HAL\Powershell\Share\test\Share1:String) [Get-ChildItem], 
UnauthorizedAccessException
    + FullyQualifiedErrorId : DirUnauthorizedAccessError,Microsoft.PowerShell.Commands.GetChildItemCommand
Get-ChildItem : Access to the path 'C:\HAL\Powershell\Share\test\Share1' is denied.
At C:\hal\Powershell\share\Heritage_TraitementRepertoiresRacinesv1.ps1:83 char:8
+ $dir = Get-ChildItem -Attributes Directory -Path $path -Recurse
+        ~~~~~~~~~~~~~~~~~~~~~~~~~~~~~~~~~~~~~~~~~~~~~~~~~~~~~~~~
    + CategoryInfo          : PermissionDenied: (C:\HAL\Powershell\Share\test\Share1:String) [Get-ChildItem], UnauthorizedAccessException
    + FullyQualifiedErrorId : DirUnauthorizedAccessError,Microsoft.PowerShell.Commands.GetChildItemCommand

Get-ChildItem : Access to the path 'C:\HAL\Powershell\Share\test\Share2' is denied.
At C:\hal\Powershell\share\Heritage_TraitementRepertoiresRacinesv1.ps1:83 char:8
+ $dir = Get-ChildItem -Attributes Directory -Path $path -Recurse
+        ~~~~~~~~~~~~~~~~~~~~~~~~~~~~~~~~~~~~~~~~~~~~~~~~~~~~~~~~
    + CategoryInfo          : PermissionDenied: (C:\HAL\Powershell\Share\test\Share2:String) [Get-ChildItem], 
UnauthorizedAccessException
    + FullyQualifiedErrorId : DirUnauthorizedAccessError,Microsoft.PowerShell.Commands.GetChildItemCommand
Get-ChildItem : Access to the path 'C:\HAL\Powershell\Share\test\Share2' is denied.
At C:\hal\Powershell\share\Heritage_TraitementRepertoiresRacinesv1.ps1:83 char:8
+ $dir = Get-ChildItem -Attributes Directory -Path $path -Recurse
+        ~~~~~~~~~~~~~~~~~~~~~~~~~~~~~~~~~~~~~~~~~~~~~~~~~~~~~~~~
    + CategoryInfo          : PermissionDenied: (C:\HAL\Powershell\Share\test\Share2:String) [Get-ChildItem], UnauthorizedAccessException
    + FullyQualifiedErrorId : DirUnauthorizedAccessError,Microsoft.PowerShell.Commands.GetChildItemCommand

C:\HAL\Powershell\Share\test\Share1
Protected True
0
VERBOSE: Starting Set-Inheritance
VERBOSE: PATH C:\HAL\Powershell\Share\test\Share1
VERBOSE: Resetting inheritance on C:\HAL\Powershell\Share\test\Share1
VERBOSE: 

PSPath                  : Microsoft.PowerShell.Core\FileSystem::C:\HAL\Powershell\Share\test\Share1
PSParentPath            : Microsoft.PowerShell.Core\FileSystem::C:\HAL\Powershell\Share\test
PSChildName             : Share1
PSDrive                 : C
PSProvider              : Microsoft.PowerShell.Core\FileSystem
CentralAccessPolicyId   : 
CentralAccessPolicyName : 
Path                    : Microsoft.PowerShell.Core\FileSystem::C:\HAL\Powershell\Share\test\Share1
Owner                   : HALSURFACE\halsec
Group                   : HALSURFACE\halsec
Access                  : {}
Sddl                    : O:S-1-5-21-1856473636-224214704-149194499-1001G:S-1-5-21-1856473636-224214704-149194499-1001D:PAI
AccessToString          : 
AuditToString           : 
AccessRightType         : System.Security.AccessControl.FileSystemRights
AccessRuleType          : System.Security.AccessControl.FileSystemAccessRule
AuditRuleType           : System.Security.AccessControl.FileSystemAuditRule
AreAccessRulesProtected : True
AreAuditRulesProtected  : False
AreAccessRulesCanonical : True
AreAuditRulesCanonical  : True
VERBOSE: Setting inheritance to NoInherit
VERBOSE: Removing existing rules
VERBOSE: Setting the new ACL
VERBOSE: Ending Set-Inheritance
C:\HAL\Powershell\Share\test\Share2
Protected True
0
VERBOSE: Starting Set-Inheritance
VERBOSE: PATH C:\HAL\Powershell\Share\test\Share2
VERBOSE: Resetting inheritance on C:\HAL\Powershell\Share\test\Share2
VERBOSE: 

PSPath                  : Microsoft.PowerShell.Core\FileSystem::C:\HAL\Powershell\Share\test\Share2
PSParentPath            : Microsoft.PowerShell.Core\FileSystem::C:\HAL\Powershell\Share\test
PSChildName             : Share2
PSDrive                 : C
PSProvider              : Microsoft.PowerShell.Core\FileSystem
CentralAccessPolicyId   : 
CentralAccessPolicyName : 
Path                    : Microsoft.PowerShell.Core\FileSystem::C:\HAL\Powershell\Share\test\Share2
Owner                   : HALSURFACE\halsec
Group                   : HALSURFACE\halsec
Access                  : {}
Sddl                    : O:S-1-5-21-1856473636-224214704-149194499-1001G:S-1-5-21-1856473636-224214704-149194499-1001D:PAI
AccessToString          : 
AuditToString           : 
AccessRightType         : System.Security.AccessControl.FileSystemRights
AccessRuleType          : System.Security.AccessControl.FileSystemAccessRule
AuditRuleType           : System.Security.AccessControl.FileSystemAuditRule
AreAccessRulesProtected : True
AreAuditRulesProtected  : False
AreAccessRulesCanonical : True
AreAuditRulesCanonical  : True
VERBOSE: Setting inheritance to NoInherit
VERBOSE: Removing existing rules
VERBOSE: Setting the new ACL
VERBOSE: Ending Set-Inheritance
C:\HAL\Powershell\Share\test\Share3
Protected True
0
VERBOSE: Starting Set-Inheritance
VERBOSE: PATH C:\HAL\Powershell\Share\test\Share3
VERBOSE: Resetting inheritance on C:\HAL\Powershell\Share\test\Share3
VERBOSE: 

PSPath                  : Microsoft.PowerShell.Core\FileSystem::C:\HAL\Powershell\Share\test\Share3
PSParentPath            : Microsoft.PowerShell.Core\FileSystem::C:\HAL\Powershell\Share\test
PSChildName             : Share3
PSDrive                 : C
PSProvider              : Microsoft.PowerShell.Core\FileSystem
CentralAccessPolicyId   : 
CentralAccessPolicyName : 
Path                    : Microsoft.PowerShell.Core\FileSystem::C:\HAL\Powershell\Share\test\Share3
Owner                   : HALSURFACE\halsec
Group                   : HALSURFACE\halsec
Access                  : {System.Security.AccessControl.FileSystemAccessRule, System.Security.AccessControl.FileSystemAccessRule, System.Security.AccessControl.FileSystemAccessRule, 
                          System.Security.AccessControl.FileSystemAccessRule}
Sddl                    : O:S-1-5-21-1856473636-224214704-149194499-1001G:S-1-5-21-1856473636-224214704-149194499-1001D:PAI(A;OICI;0x1301bf;;;AU)(A;OICI;FA;;;SY)(A;OICI;FA;;;BA)(A;OICI;0x1200a9;;;BU)
AccessToString          : NT AUTHORITY\Authenticated Users Allow  Modify, Synchronize
                          NT AUTHORITY\SYSTEM Allow  FullControl
                          BUILTIN\Administrators Allow  FullControl
                          BUILTIN\Users Allow  ReadAndExecute, Synchronize
AuditToString           : 
AccessRightType         : System.Security.AccessControl.FileSystemRights
AccessRuleType          : System.Security.AccessControl.FileSystemAccessRule
AuditRuleType           : System.Security.AccessControl.FileSystemAuditRule
AreAccessRulesProtected : True
AreAuditRulesProtected  : False
AreAccessRulesCanonical : True
AreAuditRulesCanonical  : True
VERBOSE: Setting inheritance to NoInherit
VERBOSE: Removing existing rules
VERBOSE: Setting the new ACL
VERBOSE: Ending Set-Inheritance
Nb de dossiers sans permissions : 3
**********************
Windows PowerShell transcript end
End time: 20190601122354
**********************
**********************
Windows PowerShell transcript start
Start time: 20190601122735
Username: HALSURFACE\halsec
RunAs User: HALSURFACE\halsec
Configuration Name: 
Machine: HALSURFACE (Microsoft Windows NT 10.0.17134.0)
Host Application: C:\Windows\System32\WindowsPowerShell\v1.0\powershell.exe
Process ID: 7096
PSVersion: 5.1.17134.765
PSEdition: Desktop
PSCompatibleVersions: 1.0, 2.0, 3.0, 4.0, 5.0, 5.1.17134.765
BuildVersion: 10.0.17134.765
CLRVersion: 4.0.30319.42000
WSManStackVersion: 3.0
PSRemotingProtocolVersion: 2.3
SerializationVersion: 1.1.0.1
**********************
Transcript started, output file is C:\HAL\Powershell\Share\log\Heritage_Traitement.log
C:\HAL\Powershell\Share\test\Share1
Protected False
0
PS>TerminatingError(Set-Inheritance): "A positional parameter cannot be found that accepts argument 'False'."
Set-Inheritance : A positional parameter cannot be found that accepts argument 'False'.
At C:\hal\Powershell\share\Heritage_TraitementRepertoiresRacinesv1.ps1:93 char:5
+     Set-Inheritance $d.FullName -NoInherit $false -NoPreserve $true
+     ~~~~~~~~~~~~~~~~~~~~~~~~~~~~~~~~~~~~~~~~~~~~~~~~~~~~~~~~~~~~~~~
    + CategoryInfo          : InvalidArgument: (:) [Set-Inheritance], ParameterBindingException
    + FullyQualifiedErrorId : PositionalParameterNotFound,Set-Inheritance
Set-Inheritance : A positional parameter cannot be found that accepts argument 'False'.
At C:\hal\Powershell\share\Heritage_TraitementRepertoiresRacinesv1.ps1:93 char:5
+     Set-Inheritance $d.FullName -NoInherit $false -NoPreserve $true
+     ~~~~~~~~~~~~~~~~~~~~~~~~~~~~~~~~~~~~~~~~~~~~~~~~~~~~~~~~~~~~~~~
    + CategoryInfo          : InvalidArgument: (:) [Set-Inheritance], ParameterBindingException
    + FullyQualifiedErrorId : PositionalParameterNotFound,Set-Inheritance

C:\HAL\Powershell\Share\test\Share2
Protected False
0
PS>TerminatingError(Set-Inheritance): "A positional parameter cannot be found that accepts argument 'False'."
Set-Inheritance : A positional parameter cannot be found that accepts argument 'False'.
At C:\hal\Powershell\share\Heritage_TraitementRepertoiresRacinesv1.ps1:93 char:5
+     Set-Inheritance $d.FullName -NoInherit $false -NoPreserve $true
+     ~~~~~~~~~~~~~~~~~~~~~~~~~~~~~~~~~~~~~~~~~~~~~~~~~~~~~~~~~~~~~~~
    + CategoryInfo          : InvalidArgument: (:) [Set-Inheritance], ParameterBindingException
    + FullyQualifiedErrorId : PositionalParameterNotFound,Set-Inheritance
Set-Inheritance : A positional parameter cannot be found that accepts argument 'False'.
At C:\hal\Powershell\share\Heritage_TraitementRepertoiresRacinesv1.ps1:93 char:5
+     Set-Inheritance $d.FullName -NoInherit $false -NoPreserve $true
+     ~~~~~~~~~~~~~~~~~~~~~~~~~~~~~~~~~~~~~~~~~~~~~~~~~~~~~~~~~~~~~~~
    + CategoryInfo          : InvalidArgument: (:) [Set-Inheritance], ParameterBindingException
    + FullyQualifiedErrorId : PositionalParameterNotFound,Set-Inheritance

C:\HAL\Powershell\Share\test\Share3
Protected True
0
PS>TerminatingError(Set-Inheritance): "A positional parameter cannot be found that accepts argument 'False'."
Set-Inheritance : A positional parameter cannot be found that accepts argument 'False'.
At C:\hal\Powershell\share\Heritage_TraitementRepertoiresRacinesv1.ps1:93 char:5
+     Set-Inheritance $d.FullName -NoInherit $false -NoPreserve $true
+     ~~~~~~~~~~~~~~~~~~~~~~~~~~~~~~~~~~~~~~~~~~~~~~~~~~~~~~~~~~~~~~~
    + CategoryInfo          : InvalidArgument: (:) [Set-Inheritance], ParameterBindingException
    + FullyQualifiedErrorId : PositionalParameterNotFound,Set-Inheritance
Set-Inheritance : A positional parameter cannot be found that accepts argument 'False'.
At C:\hal\Powershell\share\Heritage_TraitementRepertoiresRacinesv1.ps1:93 char:5
+     Set-Inheritance $d.FullName -NoInherit $false -NoPreserve $true
+     ~~~~~~~~~~~~~~~~~~~~~~~~~~~~~~~~~~~~~~~~~~~~~~~~~~~~~~~~~~~~~~~
    + CategoryInfo          : InvalidArgument: (:) [Set-Inheritance], ParameterBindingException
    + FullyQualifiedErrorId : PositionalParameterNotFound,Set-Inheritance

C:\HAL\Powershell\Share\test\Share1\Test1
Protected False
0
PS>TerminatingError(Set-Inheritance): "A positional parameter cannot be found that accepts argument 'False'."
Set-Inheritance : A positional parameter cannot be found that accepts argument 'False'.
At C:\hal\Powershell\share\Heritage_TraitementRepertoiresRacinesv1.ps1:93 char:5
+     Set-Inheritance $d.FullName -NoInherit $false -NoPreserve $true
+     ~~~~~~~~~~~~~~~~~~~~~~~~~~~~~~~~~~~~~~~~~~~~~~~~~~~~~~~~~~~~~~~
    + CategoryInfo          : InvalidArgument: (:) [Set-Inheritance], ParameterBindingException
    + FullyQualifiedErrorId : PositionalParameterNotFound,Set-Inheritance
Set-Inheritance : A positional parameter cannot be found that accepts argument 'False'.
At C:\hal\Powershell\share\Heritage_TraitementRepertoiresRacinesv1.ps1:93 char:5
+     Set-Inheritance $d.FullName -NoInherit $false -NoPreserve $true
+     ~~~~~~~~~~~~~~~~~~~~~~~~~~~~~~~~~~~~~~~~~~~~~~~~~~~~~~~~~~~~~~~
    + CategoryInfo          : InvalidArgument: (:) [Set-Inheritance], ParameterBindingException
    + FullyQualifiedErrorId : PositionalParameterNotFound,Set-Inheritance

C:\HAL\Powershell\Share\test\Share1\test2
Protected True
0
PS>TerminatingError(Set-Inheritance): "A positional parameter cannot be found that accepts argument 'False'."
Set-Inheritance : A positional parameter cannot be found that accepts argument 'False'.
At C:\hal\Powershell\share\Heritage_TraitementRepertoiresRacinesv1.ps1:93 char:5
+     Set-Inheritance $d.FullName -NoInherit $false -NoPreserve $true
+     ~~~~~~~~~~~~~~~~~~~~~~~~~~~~~~~~~~~~~~~~~~~~~~~~~~~~~~~~~~~~~~~
    + CategoryInfo          : InvalidArgument: (:) [Set-Inheritance], ParameterBindingException
    + FullyQualifiedErrorId : PositionalParameterNotFound,Set-Inheritance
Set-Inheritance : A positional parameter cannot be found that accepts argument 'False'.
At C:\hal\Powershell\share\Heritage_TraitementRepertoiresRacinesv1.ps1:93 char:5
+     Set-Inheritance $d.FullName -NoInherit $false -NoPreserve $true
+     ~~~~~~~~~~~~~~~~~~~~~~~~~~~~~~~~~~~~~~~~~~~~~~~~~~~~~~~~~~~~~~~
    + CategoryInfo          : InvalidArgument: (:) [Set-Inheritance], ParameterBindingException
    + FullyQualifiedErrorId : PositionalParameterNotFound,Set-Inheritance

C:\HAL\Powershell\Share\test\Share3\TEST31
Protected False
0
PS>TerminatingError(Set-Inheritance): "A positional parameter cannot be found that accepts argument 'False'."
Set-Inheritance : A positional parameter cannot be found that accepts argument 'False'.
At C:\hal\Powershell\share\Heritage_TraitementRepertoiresRacinesv1.ps1:93 char:5
+     Set-Inheritance $d.FullName -NoInherit $false -NoPreserve $true
+     ~~~~~~~~~~~~~~~~~~~~~~~~~~~~~~~~~~~~~~~~~~~~~~~~~~~~~~~~~~~~~~~
    + CategoryInfo          : InvalidArgument: (:) [Set-Inheritance], ParameterBindingException
    + FullyQualifiedErrorId : PositionalParameterNotFound,Set-Inheritance
Set-Inheritance : A positional parameter cannot be found that accepts argument 'False'.
At C:\hal\Powershell\share\Heritage_TraitementRepertoiresRacinesv1.ps1:93 char:5
+     Set-Inheritance $d.FullName -NoInherit $false -NoPreserve $true
+     ~~~~~~~~~~~~~~~~~~~~~~~~~~~~~~~~~~~~~~~~~~~~~~~~~~~~~~~~~~~~~~~
    + CategoryInfo          : InvalidArgument: (:) [Set-Inheritance], ParameterBindingException
    + FullyQualifiedErrorId : PositionalParameterNotFound,Set-Inheritance

Nb de dossiers sans permissions : 6
**********************
Windows PowerShell transcript end
End time: 20190601122735
**********************
**********************
Windows PowerShell transcript start
Start time: 20190601123203
Username: HALSURFACE\halsec
RunAs User: HALSURFACE\halsec
Configuration Name: 
Machine: HALSURFACE (Microsoft Windows NT 10.0.17134.0)
Host Application: C:\Windows\System32\WindowsPowerShell\v1.0\powershell.exe
Process ID: 7096
PSVersion: 5.1.17134.765
PSEdition: Desktop
PSCompatibleVersions: 1.0, 2.0, 3.0, 4.0, 5.0, 5.1.17134.765
BuildVersion: 10.0.17134.765
CLRVersion: 4.0.30319.42000
WSManStackVersion: 3.0
PSRemotingProtocolVersion: 2.3
SerializationVersion: 1.1.0.1
**********************
Transcript started, output file is C:\HAL\Powershell\Share\log\Heritage_Traitement.log
C:\HAL\Powershell\Share\test\Share1
Protected False
0
PS>TerminatingError(Set-Inheritance): "A positional parameter cannot be found that accepts argument 'True'."
Set-Inheritance : A positional parameter cannot be found that accepts argument 'True'.
At C:\hal\Powershell\share\Heritage_TraitementRepertoiresRacinesv1.ps1:93 char:5
+     Set-Inheritance $d.FullName -NoInherit $true -NoPreserve $false
+     ~~~~~~~~~~~~~~~~~~~~~~~~~~~~~~~~~~~~~~~~~~~~~~~~~~~~~~~~~~~~~~~
    + CategoryInfo          : InvalidArgument: (:) [Set-Inheritance], ParameterBindingException
    + FullyQualifiedErrorId : PositionalParameterNotFound,Set-Inheritance
Set-Inheritance : A positional parameter cannot be found that accepts argument 'True'.
At C:\hal\Powershell\share\Heritage_TraitementRepertoiresRacinesv1.ps1:93 char:5
+     Set-Inheritance $d.FullName -NoInherit $true -NoPreserve $false
+     ~~~~~~~~~~~~~~~~~~~~~~~~~~~~~~~~~~~~~~~~~~~~~~~~~~~~~~~~~~~~~~~
    + CategoryInfo          : InvalidArgument: (:) [Set-Inheritance], ParameterBindingException
    + FullyQualifiedErrorId : PositionalParameterNotFound,Set-Inheritance

C:\HAL\Powershell\Share\test\Share2
Protected False
0
PS>TerminatingError(Set-Inheritance): "A positional parameter cannot be found that accepts argument 'True'."
Set-Inheritance : A positional parameter cannot be found that accepts argument 'True'.
At C:\hal\Powershell\share\Heritage_TraitementRepertoiresRacinesv1.ps1:93 char:5
+     Set-Inheritance $d.FullName -NoInherit $true -NoPreserve $false
+     ~~~~~~~~~~~~~~~~~~~~~~~~~~~~~~~~~~~~~~~~~~~~~~~~~~~~~~~~~~~~~~~
    + CategoryInfo          : InvalidArgument: (:) [Set-Inheritance], ParameterBindingException
    + FullyQualifiedErrorId : PositionalParameterNotFound,Set-Inheritance
Set-Inheritance : A positional parameter cannot be found that accepts argument 'True'.
At C:\hal\Powershell\share\Heritage_TraitementRepertoiresRacinesv1.ps1:93 char:5
+     Set-Inheritance $d.FullName -NoInherit $true -NoPreserve $false
+     ~~~~~~~~~~~~~~~~~~~~~~~~~~~~~~~~~~~~~~~~~~~~~~~~~~~~~~~~~~~~~~~
    + CategoryInfo          : InvalidArgument: (:) [Set-Inheritance], ParameterBindingException
    + FullyQualifiedErrorId : PositionalParameterNotFound,Set-Inheritance

C:\HAL\Powershell\Share\test\Share3
Protected True
0
PS>TerminatingError(Set-Inheritance): "A positional parameter cannot be found that accepts argument 'True'."
Set-Inheritance : A positional parameter cannot be found that accepts argument 'True'.
At C:\hal\Powershell\share\Heritage_TraitementRepertoiresRacinesv1.ps1:93 char:5
+     Set-Inheritance $d.FullName -NoInherit $true -NoPreserve $false
+     ~~~~~~~~~~~~~~~~~~~~~~~~~~~~~~~~~~~~~~~~~~~~~~~~~~~~~~~~~~~~~~~
    + CategoryInfo          : InvalidArgument: (:) [Set-Inheritance], ParameterBindingException
    + FullyQualifiedErrorId : PositionalParameterNotFound,Set-Inheritance
Set-Inheritance : A positional parameter cannot be found that accepts argument 'True'.
At C:\hal\Powershell\share\Heritage_TraitementRepertoiresRacinesv1.ps1:93 char:5
+     Set-Inheritance $d.FullName -NoInherit $true -NoPreserve $false
+     ~~~~~~~~~~~~~~~~~~~~~~~~~~~~~~~~~~~~~~~~~~~~~~~~~~~~~~~~~~~~~~~
    + CategoryInfo          : InvalidArgument: (:) [Set-Inheritance], ParameterBindingException
    + FullyQualifiedErrorId : PositionalParameterNotFound,Set-Inheritance

C:\HAL\Powershell\Share\test\Share1\Test1
Protected False
0
PS>TerminatingError(Set-Inheritance): "A positional parameter cannot be found that accepts argument 'True'."
Set-Inheritance : A positional parameter cannot be found that accepts argument 'True'.
At C:\hal\Powershell\share\Heritage_TraitementRepertoiresRacinesv1.ps1:93 char:5
+     Set-Inheritance $d.FullName -NoInherit $true -NoPreserve $false
+     ~~~~~~~~~~~~~~~~~~~~~~~~~~~~~~~~~~~~~~~~~~~~~~~~~~~~~~~~~~~~~~~
    + CategoryInfo          : InvalidArgument: (:) [Set-Inheritance], ParameterBindingException
    + FullyQualifiedErrorId : PositionalParameterNotFound,Set-Inheritance
Set-Inheritance : A positional parameter cannot be found that accepts argument 'True'.
At C:\hal\Powershell\share\Heritage_TraitementRepertoiresRacinesv1.ps1:93 char:5
+     Set-Inheritance $d.FullName -NoInherit $true -NoPreserve $false
+     ~~~~~~~~~~~~~~~~~~~~~~~~~~~~~~~~~~~~~~~~~~~~~~~~~~~~~~~~~~~~~~~
    + CategoryInfo          : InvalidArgument: (:) [Set-Inheritance], ParameterBindingException
    + FullyQualifiedErrorId : PositionalParameterNotFound,Set-Inheritance

C:\HAL\Powershell\Share\test\Share1\test2
Protected True
0
PS>TerminatingError(Set-Inheritance): "A positional parameter cannot be found that accepts argument 'True'."
Set-Inheritance : A positional parameter cannot be found that accepts argument 'True'.
At C:\hal\Powershell\share\Heritage_TraitementRepertoiresRacinesv1.ps1:93 char:5
+     Set-Inheritance $d.FullName -NoInherit $true -NoPreserve $false
+     ~~~~~~~~~~~~~~~~~~~~~~~~~~~~~~~~~~~~~~~~~~~~~~~~~~~~~~~~~~~~~~~
    + CategoryInfo          : InvalidArgument: (:) [Set-Inheritance], ParameterBindingException
    + FullyQualifiedErrorId : PositionalParameterNotFound,Set-Inheritance
Set-Inheritance : A positional parameter cannot be found that accepts argument 'True'.
At C:\hal\Powershell\share\Heritage_TraitementRepertoiresRacinesv1.ps1:93 char:5
+     Set-Inheritance $d.FullName -NoInherit $true -NoPreserve $false
+     ~~~~~~~~~~~~~~~~~~~~~~~~~~~~~~~~~~~~~~~~~~~~~~~~~~~~~~~~~~~~~~~
    + CategoryInfo          : InvalidArgument: (:) [Set-Inheritance], ParameterBindingException
    + FullyQualifiedErrorId : PositionalParameterNotFound,Set-Inheritance

C:\HAL\Powershell\Share\test\Share3\TEST31
Protected False
0
PS>TerminatingError(Set-Inheritance): "A positional parameter cannot be found that accepts argument 'True'."
Set-Inheritance : A positional parameter cannot be found that accepts argument 'True'.
At C:\hal\Powershell\share\Heritage_TraitementRepertoiresRacinesv1.ps1:93 char:5
+     Set-Inheritance $d.FullName -NoInherit $true -NoPreserve $false
+     ~~~~~~~~~~~~~~~~~~~~~~~~~~~~~~~~~~~~~~~~~~~~~~~~~~~~~~~~~~~~~~~
    + CategoryInfo          : InvalidArgument: (:) [Set-Inheritance], ParameterBindingException
    + FullyQualifiedErrorId : PositionalParameterNotFound,Set-Inheritance
Set-Inheritance : A positional parameter cannot be found that accepts argument 'True'.
At C:\hal\Powershell\share\Heritage_TraitementRepertoiresRacinesv1.ps1:93 char:5
+     Set-Inheritance $d.FullName -NoInherit $true -NoPreserve $false
+     ~~~~~~~~~~~~~~~~~~~~~~~~~~~~~~~~~~~~~~~~~~~~~~~~~~~~~~~~~~~~~~~
    + CategoryInfo          : InvalidArgument: (:) [Set-Inheritance], ParameterBindingException
    + FullyQualifiedErrorId : PositionalParameterNotFound,Set-Inheritance

Nb de dossiers sans permissions : 6
**********************
Windows PowerShell transcript end
End time: 20190601123203
**********************
